============================= test session starts =============================
platform win32 -- Python 3.14.6, pytest-9.1.1, pluggy-1.6.0 -- C:\Users\KIPIA\AppData\Local\Python\pythoncore-3.14-64\python.exe
cachedir: .pytest_cache
rootdir: C:\motors_project
plugins: anyio-4.14.2
collecting ... collected 181 items

tests/test_repositories/test_crew_repo.py::TestCrewRepo::test_list_all_empty PASSED [  0%]
tests/test_repositories/test_crew_repo.py::TestCrewRepo::test_list_all PASSED [  1%]
tests/test_repositories/test_crew_repo.py::TestCrewRepo::test_get_by_id_success PASSED [  1%]
tests/test_repositories/test_crew_repo.py::TestCrewRepo::test_create_success PASSED [  2%]
tests/test_repositories/test_crew_repo.py::TestCrewRepo::test_create_duplicate_name PASSED [  2%]
tests/test_repositories/test_crew_repo.py::TestCrewRepo::test_update_success PASSED [  3%]
tests/test_repositories/test_crew_repo.py::TestCrewRepo::test_update_nonexistent PASSED [  3%]
tests/test_repositories/test_crew_repo.py::TestCrewRepo::test_delete_success PASSED [  4%]
tests/test_repositories/test_crew_repo.py::TestCrewRepo::test_delete_nonexistent PASSED [  4%]
tests/test_repositories/test_crew_repo.py::TestCrewRepo::test_is_referenced_false PASSED [  5%]
tests/test_repositories/test_crew_repo.py::TestCrewRepo::test_is_referenced_true PASSED [  6%]
tests/test_repositories/test_crew_repo.py::TestCrewRepoGuards::test_delete_referenced_raises PASSED [  6%]
tests/test_repositories/test_engine_repo.py::TestCreateAndGet::test_create_and_get_by_id PASSED [  7%]
tests/test_repositories/test_engine_repo.py::TestCreateAndGet::test_get_by_id_not_found PASSED [  7%]
tests/test_repositories/test_engine_repo.py::TestCreateAndGet::test_get_with_details PASSED [  8%]
tests/test_repositories/test_engine_repo.py::TestUpdate::test_update PASSED [  8%]
tests/test_repositories/test_engine_repo.py::TestUpdate::test_update_not_found PASSED [  9%]
tests/test_repositories/test_engine_repo.py::TestUpdate::test_update_empty_data PASSED [  9%]
tests/test_repositories/test_engine_repo.py::TestDelete::test_delete PASSED [ 10%]
tests/test_repositories/test_engine_repo.py::TestDelete::test_delete_not_found PASSED [ 11%]
tests/test_repositories/test_engine_repo.py::TestDelete::test_delete_cascades_modes_and_works PASSED [ 11%]
tests/test_repositories/test_engine_repo.py::TestGetAll::test_get_all_empty PASSED [ 12%]
tests/test_repositories/test_engine_repo.py::TestGetAll::test_get_all_with_data PASSED [ 12%]
tests/test_repositories/test_engine_repo.py::TestGetAll::test_get_all_pagination PASSED [ 13%]
tests/test_repositories/test_engine_repo.py::TestGetAll::test_count_all PASSED [ 13%]
tests/test_repositories/test_engine_repo.py::TestGetAll::test_search PASSED [ 14%]
tests/test_repositories/test_engine_repo.py::TestPhotoCount::test_update_photo_count PASSED [ 14%]
tests/test_repositories/test_engine_repo.py::TestGetByFilename::test_get_by_filename PASSED [ 15%]
tests/test_repositories/test_engine_repo.py::TestGetByFilename::test_get_by_filename_not_found PASSED [ 16%]
tests/test_repositories/test_engine_repo.py::TestLastEdited::test_create_with_actor_sets_both PASSED [ 16%]
tests/test_repositories/test_engine_repo.py::TestLastEdited::test_create_without_actor_by_null_at_set PASSED [ 17%]
tests/test_repositories/test_engine_repo.py::TestLastEdited::test_update_with_actor_updates_both PASSED [ 17%]
tests/test_repositories/test_engine_repo.py::TestLastEdited::test_update_without_actor_overwrites_null PASSED [ 18%]
tests/test_repositories/test_engine_repo.py::TestLastEdited::test_ensure_last_edited_columns_idempotent PASSED [ 18%]
tests/test_repositories/test_engine_repo_audit.py::test_update_logs_only_changed_fields PASSED [ 19%]
tests/test_repositories/test_engine_repo_audit.py::test_update_same_values_no_log PASSED [ 19%]
tests/test_repositories/test_engine_repo_audit.py::test_update_with_actor PASSED [ 20%]
tests/test_repositories/test_engine_repo_audit.py::test_update_without_actor_null PASSED [ 20%]
tests/test_repositories/test_engine_repo_audit.py::test_update_status_logs PASSED [ 21%]
tests/test_repositories/test_engine_repo_audit.py::test_update_status_same_value_no_log PASSED [ 22%]
tests/test_repositories/test_engine_repo_audit.py::test_update_photo_count_logs PASSED [ 22%]
tests/test_repositories/test_engine_repo_audit.py::test_get_locations_tree PASSED [ 23%]
tests/test_repositories/test_equipment_repo.py::TestEquipmentTypeCRUD::test_list_equipment_types_empty PASSED [ 23%]
tests/test_repositories/test_equipment_repo.py::TestEquipmentTypeCRUD::test_create_equipment_type PASSED [ 24%]
tests/test_repositories/test_equipment_repo.py::TestEquipmentTypeCRUD::test_get_equipment_type PASSED [ 24%]
tests/test_repositories/test_equipment_repo.py::TestEquipmentTypeCRUD::test_create_equipment_type_with_parent PASSED [ 25%]
tests/test_repositories/test_equipment_repo.py::TestEquipmentTypeInUseAndDelete::test_equipment_type_in_use_false_for_empty PASSED [ 25%]
tests/test_repositories/test_equipment_repo.py::TestEquipmentTypeInUseAndDelete::test_equipment_type_in_use_true_with_equipment PASSED [ 26%]
tests/test_repositories/test_equipment_repo.py::TestEquipmentTypeInUseAndDelete::test_equipment_type_in_use_true_with_child_type PASSED [ 27%]
tests/test_repositories/test_equipment_repo.py::TestEquipmentTypeInUseAndDelete::test_delete_equipment_type PASSED [ 27%]
tests/test_repositories/test_equipment_repo.py::TestEquipmentTypeInUseAndDelete::test_delete_equipment_type_not_found PASSED [ 28%]
tests/test_repositories/test_equipment_repo.py::TestAttributeDefinition::test_create_attribute_definition PASSED [ 28%]
tests/test_repositories/test_equipment_repo.py::TestAttributeDefinition::test_attribute_definition_in_use_false PASSED [ 29%]
tests/test_repositories/test_equipment_repo.py::TestAttributeDefinition::test_attribute_definition_in_use_true PASSED [ 29%]
tests/test_repositories/test_equipment_repo.py::TestAttributeDefinition::test_delete_attribute_definition PASSED [ 30%]
tests/test_repositories/test_equipment_repo.py::TestAttributeDefinition::test_delete_attribute_definition_not_found_fails PASSED [ 30%]
tests/test_repositories/test_equipment_repo.py::TestEquipmentCRUD::test_create_equipment PASSED [ 31%]
tests/test_repositories/test_equipment_repo.py::TestEquipmentCRUD::test_get_equipment_by_id PASSED [ 32%]
tests/test_repositories/test_equipment_repo.py::TestEquipmentCRUD::test_update_equipment PASSED [ 32%]
tests/test_repositories/test_equipment_repo.py::TestEquipmentCRUD::test_delete_equipment PASSED [ 33%]
tests/test_repositories/test_equipment_repo.py::TestEquipmentCRUD::test_delete_equipment_not_found PASSED [ 33%]
tests/test_repositories/test_equipment_repo.py::TestGetStockSummary::test_get_stock_summary_empty PASSED [ 34%]
tests/test_repositories/test_equipment_repo.py::TestGetStockSummary::test_get_stock_summary_with_data PASSED [ 34%]
tests/test_repositories/test_equipment_repo.py::TestUpdateEquipmentTypeMinStockQty::test_update_equipment_type_min_stock_qty PASSED [ 35%]
tests/test_repositories/test_equipment_repo.py::TestUpdateEquipmentTypeMinStockQty::test_update_equipment_type_min_stock_qty_not_found PASSED [ 35%]
tests/test_repositories/test_equipment_repo.py::TestEquipmentLastEdited::test_create_with_actor_sets_both PASSED [ 36%]
tests/test_repositories/test_equipment_repo.py::TestEquipmentLastEdited::test_create_without_actor_by_null_at_set PASSED [ 37%]
tests/test_repositories/test_equipment_repo.py::TestEquipmentLastEdited::test_update_with_actor_updates_both PASSED [ 37%]
tests/test_repositories/test_equipment_repo.py::TestEquipmentLastEdited::test_update_without_actor_overwrites_null PASSED [ 38%]
tests/test_repositories/test_equipment_repo.py::TestEquipmentLastEdited::test_ensure_last_edited_columns_idempotent PASSED [ 38%]
tests/test_repositories/test_equipment_repo_part1.py::TestEquipmentTypeCRUD::test_list_equipment_types_empty PASSED [ 39%]
tests/test_repositories/test_equipment_repo_part1.py::TestEquipmentTypeCRUD::test_create_equipment_type PASSED [ 39%]
tests/test_repositories/test_equipment_repo_part1.py::TestEquipmentTypeCRUD::test_get_equipment_type PASSED [ 40%]
tests/test_repositories/test_equipment_repo_part1.py::TestEquipmentTypeCRUD::test_create_equipment_type_with_parent PASSED [ 40%]
tests/test_repositories/test_equipment_repo_part1.py::TestEquipmentTypeInUseAndDelete::test_equipment_type_in_use_false_for_empty PASSED [ 41%]
tests/test_repositories/test_equipment_repo_part1.py::TestEquipmentTypeInUseAndDelete::test_equipment_type_in_use_true_with_equipment PASSED [ 41%]
tests/test_repositories/test_equipment_repo_part1.py::TestEquipmentTypeInUseAndDelete::test_equipment_type_in_use_true_with_child_type PASSED [ 42%]
tests/test_repositories/test_equipment_repo_part1.py::TestEquipmentTypeInUseAndDelete::test_delete_equipment_type PASSED [ 43%]
tests/test_repositories/test_equipment_repo_part1.py::TestEquipmentTypeInUseAndDelete::test_delete_equipment_type_not_found PASSED [ 43%]
tests/test_repositories/test_equipment_repo_part1.py::TestAttributeDefinition::test_create_attribute_definition PASSED [ 44%]
tests/test_repositories/test_equipment_repo_part1.py::TestAttributeDefinition::test_attribute_definition_in_use_false PASSED [ 44%]
tests/test_repositories/test_equipment_repo_part1.py::TestAttributeDefinition::test_attribute_definition_in_use_true PASSED [ 45%]
tests/test_repositories/test_equipment_repo_part1.py::TestAttributeDefinition::test_delete_attribute_definition_self PASSED [ 45%]
tests/test_repositories/test_equipment_repo_part1.py::TestAttributeDefinition::test_delete_attribute_definition_not_found_fails PASSED [ 46%]
tests/test_repositories/test_incident_equipment_repo.py::TestIncidentEquipmentRepo::test_get_relations_empty PASSED [ 46%]
tests/test_repositories/test_incident_equipment_repo.py::TestIncidentEquipmentRepo::test_add_relation PASSED [ 47%]
tests/test_repositories/test_incident_equipment_repo.py::TestIncidentEquipmentRepo::test_add_relation_duplicate_ignored PASSED [ 48%]
tests/test_repositories/test_incident_equipment_repo.py::TestIncidentEquipmentRepo::test_remove_relation PASSED [ 48%]
tests/test_repositories/test_incident_equipment_repo.py::TestIncidentEquipmentRepo::test_remove_relation_not_found PASSED [ 49%]
tests/test_repositories/test_incident_equipment_repo.py::TestIncidentEquipmentRepo::test_get_relations_multiple PASSED [ 49%]
tests/test_repositories/test_incident_ticket_repo.py::TestIncidentTicketRepo::test_create_returns_id PASSED [ 50%]
tests/test_repositories/test_incident_ticket_repo.py::TestIncidentTicketRepo::test_create_defaults PASSED [ 50%]
tests/test_repositories/test_incident_ticket_repo.py::TestIncidentTicketRepo::test_create_with_explicit_fields PASSED [ 51%]
tests/test_repositories/test_incident_ticket_repo.py::TestIncidentTicketRepo::test_get_by_id_not_found PASSED [ 51%]
tests/test_repositories/test_incident_ticket_repo.py::TestIncidentTicketRepo::test_update_fields PASSED [ 52%]
tests/test_repositories/test_incident_ticket_repo.py::TestIncidentTicketRepo::test_update_not_found PASSED [ 53%]
tests/test_repositories/test_incident_ticket_repo.py::TestIncidentTicketRepo::test_delete PASSED [ 53%]
tests/test_repositories/test_incident_ticket_repo.py::TestIncidentTicketRepo::test_delete_not_found PASSED [ 54%]
tests/test_repositories/test_incident_ticket_repo.py::TestIncidentTicketRepo::test_list_all_no_filters PASSED [ 54%]
tests/test_repositories/test_incident_ticket_repo.py::TestIncidentTicketRepo::test_list_all_filter_by_status PASSED [ 55%]
tests/test_repositories/test_incident_ticket_repo.py::TestIncidentTicketRepo::test_list_all_filter_by_priority PASSED [ 55%]
tests/test_repositories/test_incident_ticket_repo.py::TestIncidentTicketRepo::test_list_all_filter_by_location PASSED [ 56%]
tests/test_repositories/test_incident_ticket_repo.py::TestIncidentTicketRepo::test_executors_round_trip PASSED [ 56%]
tests/test_repositories/test_incident_ticket_repo.py::TestIncidentTicketRepo::test_set_executors_replaces_existing PASSED [ 57%]
tests/test_repositories/test_incident_ticket_repo.py::TestIncidentTicketRepo::test_initiators_round_trip PASSED [ 58%]
tests/test_repositories/test_incident_ticket_repo.py::TestIncidentTicketRepo::test_links_round_trip PASSED [ 58%]
tests/test_repositories/test_incident_ticket_repo.py::TestIncidentTicketRepo::test_delete_link PASSED [ 59%]
tests/test_repositories/test_incident_ticket_repo.py::TestIncidentTicketRepo::test_delete_link_not_found PASSED [ 59%]
tests/test_repositories/test_incident_ticket_repo.py::TestIncidentTicketRepo::test_count_all PASSED [ 60%]
tests/test_repositories/test_incident_ticket_repo.py::TestIncidentTicketRepo::test_count_by_status PASSED [ 60%]
tests/test_repositories/test_incident_ticket_repo.py::TestIncidentTicketRepo::test_get_location_counts_returns_dict PASSED [ 61%]
tests/test_repositories/test_incident_ticket_repo.py::TestIncidentTicketRepo::test_get_location_counts_meaningful PASSED [ 61%]
tests/test_repositories/test_incident_ticket_repo.py::TestIncidentTicketRepo::test_create_invalid_priority_raises PASSED [ 62%]
tests/test_repositories/test_incident_ticket_repo.py::TestIncidentTicketRepo::test_create_invalid_status_raises PASSED [ 62%]
tests/test_repositories/test_incident_ticket_repo.py::TestIncidentTicketRepo::test_update_empty_fields_no_crash PASSED [ 63%]
tests/test_repositories/test_incident_ticket_repo.py::TestIncidentTicketRepo::test_delete_cascades_executors_initiators_links PASSED [ 64%]
tests/test_repositories/test_incident_ticket_repo.py::TestIncidentTicketRepo::test_list_all_multiple_filters PASSED [ 64%]
tests/test_repositories/test_incident_ticket_repo.py::TestIncidentTicketRepoMigrations::test_ensure_updated_at_column_runs_cleanly PASSED [ 65%]
tests/test_repositories/test_incident_ticket_repo.py::TestIncidentTicketRepoMigrations::test_ensure_no_users_fk_runs_cleanly PASSED [ 65%]
tests/test_repositories/test_incident_ticket_repo.py::TestIncidentTicketLastEdited::test_create_with_actor_sets_both PASSED [ 66%]
tests/test_repositories/test_incident_ticket_repo.py::TestIncidentTicketLastEdited::test_create_without_actor_by_null_at_set PASSED [ 66%]
tests/test_repositories/test_incident_ticket_repo.py::TestIncidentTicketLastEdited::test_update_with_actor_updates_both PASSED [ 67%]
tests/test_repositories/test_incident_ticket_repo.py::TestIncidentTicketLastEdited::test_update_without_actor_overwrites_null PASSED [ 67%]
tests/test_repositories/test_incident_ticket_repo.py::TestIncidentTicketLastEdited::test_ensure_last_edited_columns_idempotent PASSED [ 68%]
tests/test_repositories/test_knowledge_repo.py::TestFailureModeRepo::test_list_returns_seed PASSED [ 69%]
tests/test_repositories/test_knowledge_repo.py::TestFailureModeRepo::test_create_and_list PASSED [ 69%]
tests/test_repositories/test_knowledge_repo.py::TestFailureModeRepo::test_in_use_false PASSED [ 70%]
tests/test_repositories/test_knowledge_repo.py::TestFailureModeRepo::test_in_use_true PASSED [ 70%]
tests/test_repositories/test_knowledge_repo.py::TestFailureModeRepo::test_delete PASSED [ 71%]
tests/test_repositories/test_knowledge_repo.py::TestFailureCauseRepo::test_list_returns_seed PASSED [ 71%]
tests/test_repositories/test_knowledge_repo.py::TestFailureCauseRepo::test_create_and_list PASSED [ 72%]
tests/test_repositories/test_knowledge_repo.py::TestFailureCauseRepo::test_in_use_false PASSED [ 72%]
tests/test_repositories/test_knowledge_repo.py::TestFailureCauseRepo::test_in_use_true PASSED [ 73%]
tests/test_repositories/test_knowledge_repo.py::TestFailureCauseRepo::test_delete PASSED [ 74%]
tests/test_repositories/test_knowledge_repo.py::TestKnowledgeArticleRepo::test_get_by_id_nonexistent PASSED [ 74%]
tests/test_repositories/test_knowledge_repo.py::TestKnowledgeArticleRepo::test_create_article PASSED [ 75%]
tests/test_repositories/test_knowledge_repo.py::TestKnowledgeArticleRepo::test_get_by_id_returns_created PASSED [ 75%]
tests/test_repositories/test_knowledge_repo.py::TestKnowledgeArticleRepo::test_list_articles_empty PASSED [ 76%]
tests/test_repositories/test_knowledge_repo.py::TestKnowledgeArticleRepo::test_list_articles_returns_all PASSED [ 76%]
tests/test_repositories/test_knowledge_repo.py::TestKnowledgeArticleRepo::test_list_articles_filter_by_symptom PASSED [ 77%]
tests/test_repositories/test_knowledge_repo.py::TestKnowledgeArticleRepo::test_update_article PASSED [ 77%]
tests/test_repositories/test_knowledge_repo.py::TestKnowledgeArticleRepo::test_update_article_nonexistent PASSED [ 78%]
tests/test_repositories/test_knowledge_repo.py::TestKnowledgeArticleRepo::test_delete_article PASSED [ 79%]
tests/test_repositories/test_knowledge_repo.py::TestKnowledgeArticleRepo::test_delete_article_nonexistent PASSED [ 79%]
tests/test_repositories/test_location_repo.py::test_create_and_get PASSED [ 80%]
tests/test_repositories/test_location_repo.py::test_children_root_only PASSED [ 80%]
tests/test_repositories/test_location_repo.py::test_list_sorted_roots_first PASSED [ 81%]
tests/test_repositories/test_location_repo.py::test_subtree_ids PASSED   [ 81%]
tests/test_repositories/test_location_repo.py::test_breadcrumb_text PASSED [ 82%]
tests/test_repositories/test_location_repo.py::test_search_cyrillic_case_insensitive PASSED [ 82%]
tests/test_repositories/test_location_repo.py::test_move_to_other_branch_ok_and_audit PASSED [ 83%]
tests/test_repositories/test_location_repo.py::test_move_to_itself_rejected PASSED [ 83%]
tests/test_repositories/test_location_repo.py::test_move_into_subtree_rejected PASSED [ 84%]
tests/test_repositories/test_location_repo.py::test_move_to_missing_parent_rejected PASSED [ 85%]
tests/test_repositories/test_location_repo.py::test_move_same_parent_no_audit PASSED [ 85%]
tests/test_repositories/test_location_repo.py::test_update_name_and_audit PASSED [ 86%]
tests/test_repositories/test_location_repo.py::test_update_no_fields_false PASSED [ 86%]
tests/test_repositories/test_location_repo.py::test_delete_with_children_rejected PASSED [ 87%]
tests/test_repositories/test_location_repo.py::test_delete_leaf_ok PASSED [ 87%]
tests/test_repositories/test_mode_repo.py::TestModeRepo::test_get_all_empty PASSED [ 88%]
tests/test_repositories/test_mode_repo.py::TestModeRepo::test_create_mode PASSED [ 88%]
tests/test_repositories/test_mode_repo.py::TestModeRepo::test_replace_all_deletes_old_inserts_new PASSED [ 89%]
tests/test_repositories/test_mode_repo.py::TestModeRepo::test_delete_all_for_engine PASSED [ 90%]
tests/test_repositories/test_ticket_repo.py::TestTicketRepo::test_create_ticket PASSED [ 90%]
tests/test_repositories/test_ticket_repo.py::TestTicketRepo::test_list_tickets_empty PASSED [ 91%]
tests/test_repositories/test_ticket_repo.py::TestTicketRepo::test_list_tickets_filtered_by_status PASSED [ 91%]
tests/test_repositories/test_ticket_repo.py::TestTicketRepo::test_get_ticket_by_id PASSED [ 92%]
tests/test_repositories/test_ticket_repo.py::TestTicketRepo::test_get_ticket_by_id_nonexistent PASSED [ 92%]
tests/test_repositories/test_ticket_repo.py::TestTicketRepo::test_update_ticket PASSED [ 93%]
tests/test_repositories/test_ticket_repo.py::TestTicketRepo::test_update_ticket_status PASSED [ 93%]
tests/test_repositories/test_ticket_repo.py::TestTicketRepo::test_delete_ticket PASSED [ 94%]
tests/test_repositories/test_ticket_repo.py::TestFailureRepo::test_create_failure PASSED [ 95%]
tests/test_repositories/test_ticket_repo.py::TestFailureRepo::test_get_failure_by_id PASSED [ 95%]
tests/test_repositories/test_ticket_repo.py::TestFailureRepo::test_update_failure PASSED [ 96%]
tests/test_repositories/test_ticket_repo.py::TestWorkRepo::test_create_work PASSED [ 96%]
tests/test_repositories/test_ticket_repo.py::TestWorkRepo::test_delete_work PASSED [ 97%]
tests/test_repositories/test_ticket_repo.py::TestWorkRepo::test_list_maintenance_action_types PASSED [ 97%]
tests/test_repositories/test_work_repo.py::TestWorkRepo::test_get_all_empty PASSED [ 98%]
tests/test_repositories/test_work_repo.py::TestWorkRepo::test_create_work PASSED [ 98%]
tests/test_repositories/test_work_repo.py::TestWorkRepo::test_replace_all_deletes_old_inserts_new PASSED [ 99%]
tests/test_repositories/test_work_repo.py::TestWorkRepo::test_delete_all_for_engine PASSED [100%]

============================ 181 passed in 24.23s =============================
